<?xml version="1.0" encoding="UTF-8"?>
<testng-results ignored="0" total="1" passed="1" failed="0" skipped="0">
  <reporter-output>
  </reporter-output>
  <suite started-at="2021-04-26T19:46:17 IST" name="Default suite" finished-at="2021-04-26T19:46:17 IST" duration-ms="31">
    <groups>
    </groups>
    <test started-at="2021-04-26T19:46:17 IST" name="Default test" finished-at="2021-04-26T19:46:17 IST" duration-ms="31">
      <class name="Test.GetAndPost">
        <test-method signature="testpost()[pri:0, instance:Test.GetAndPost@61386958]" started-at="2021-04-26T19:46:17 IST" name="testpost" finished-at="2021-04-26T19:46:17 IST" duration-ms="6" status="PASS">
          <reporter-output>
          </reporter-output>
        </test-method> <!-- testpost -->
      </class> <!-- Test.GetAndPost -->
    </test> <!-- Default test -->
  </suite> <!-- Default suite -->
</testng-results>
